2010.06.18 23:27 B C:\mydocs\multiframe-50\dyche3\64\bb.gif --> adam16mr.org /icc53/dyche3/64 bb.gif
2010.06.18 23:27 B C:\mydocs\multiframe-50\dyche3\64\bk.gif --> adam16mr.org /icc53/dyche3/64 bk.gif
2010.06.18 23:27 B C:\mydocs\multiframe-50\dyche3\64\bn.gif --> adam16mr.org /icc53/dyche3/64 bn.gif
2010.06.18 23:27 B C:\mydocs\multiframe-50\dyche3\64\bp.gif --> adam16mr.org /icc53/dyche3/64 bp.gif
2010.06.18 23:27 B C:\mydocs\multiframe-50\dyche3\64\bq.gif --> adam16mr.org /icc53/dyche3/64 bq.gif
2010.06.18 23:27 B C:\mydocs\multiframe-50\dyche3\64\br.gif --> adam16mr.org /icc53/dyche3/64 br.gif
2010.06.18 23:27 B C:\mydocs\multiframe-50\dyche3\64\wb.gif --> adam16mr.org /icc53/dyche3/64 wb.gif
2010.06.18 23:27 B C:\mydocs\multiframe-50\dyche3\64\wk.gif --> adam16mr.org /icc53/dyche3/64 wk.gif
2010.06.18 23:27 B C:\mydocs\multiframe-50\dyche3\64\wn.gif --> adam16mr.org /icc53/dyche3/64 wn.gif
2010.06.18 23:27 B C:\mydocs\multiframe-50\dyche3\64\wp.gif --> adam16mr.org /icc53/dyche3/64 wp.gif
2010.06.18 23:27 B C:\mydocs\multiframe-50\dyche3\64\wq.gif --> adam16mr.org /icc53/dyche3/64 wq.gif
2010.06.18 23:27 B C:\mydocs\multiframe-50\dyche3\64\wr.gif --> adam16mr.org /icc53/dyche3/64 wr.gif
2010.06.19 08:21 B C:\mydocs\multiframe-50\dyche3\64\bb.gif --> adam16mr.org /icc52/dyche3/64 bb.gif
2010.06.19 08:21 B C:\mydocs\multiframe-50\dyche3\64\bk.gif --> adam16mr.org /icc52/dyche3/64 bk.gif
2010.06.19 08:21 B C:\mydocs\multiframe-50\dyche3\64\bn.gif --> adam16mr.org /icc52/dyche3/64 bn.gif
2010.06.19 08:21 B C:\mydocs\multiframe-50\dyche3\64\bp.gif --> adam16mr.org /icc52/dyche3/64 bp.gif
2010.06.19 08:21 B C:\mydocs\multiframe-50\dyche3\64\bq.gif --> adam16mr.org /icc52/dyche3/64 bq.gif
2010.06.19 08:21 B C:\mydocs\multiframe-50\dyche3\64\br.gif --> adam16mr.org /icc52/dyche3/64 br.gif
2010.06.19 08:21 B C:\mydocs\multiframe-50\dyche3\64\wb.gif --> adam16mr.org /icc52/dyche3/64 wb.gif
2010.06.19 08:21 B C:\mydocs\multiframe-50\dyche3\64\wk.gif --> adam16mr.org /icc52/dyche3/64 wk.gif
2010.06.19 08:21 B C:\mydocs\multiframe-50\dyche3\64\wn.gif --> adam16mr.org /icc52/dyche3/64 wn.gif
2010.06.19 08:21 B C:\mydocs\multiframe-50\dyche3\64\wp.gif --> adam16mr.org /icc52/dyche3/64 wp.gif
2010.06.19 08:21 B C:\mydocs\multiframe-50\dyche3\64\wq.gif --> adam16mr.org /icc52/dyche3/64 wq.gif
2010.06.19 08:21 B C:\mydocs\multiframe-50\dyche3\64\wr.gif --> adam16mr.org /icc52/dyche3/64 wr.gif
2010.06.19 08:21 B C:\mydocs\multiframe-50\dyche3\64\WS_FTP.LOG --> adam16mr.org /icc52/dyche3/64 WS_FTP.LOG
2010.06.19 11:12 B C:\mydocs\multiframe-50\dyche3\64\bb.gif --> adam16mr.org /icc54/dyche3/64 bb.gif
2010.06.19 11:12 B C:\mydocs\multiframe-50\dyche3\64\bk.gif --> adam16mr.org /icc54/dyche3/64 bk.gif
2010.06.19 11:12 B C:\mydocs\multiframe-50\dyche3\64\bn.gif --> adam16mr.org /icc54/dyche3/64 bn.gif
2010.06.19 11:12 B C:\mydocs\multiframe-50\dyche3\64\bp.gif --> adam16mr.org /icc54/dyche3/64 bp.gif
2010.06.19 11:12 B C:\mydocs\multiframe-50\dyche3\64\bq.gif --> adam16mr.org /icc54/dyche3/64 bq.gif
2010.06.19 11:12 B C:\mydocs\multiframe-50\dyche3\64\br.gif --> adam16mr.org /icc54/dyche3/64 br.gif
2010.06.19 11:12 B C:\mydocs\multiframe-50\dyche3\64\wb.gif --> adam16mr.org /icc54/dyche3/64 wb.gif
2010.06.19 11:13 B C:\mydocs\multiframe-50\dyche3\64\wk.gif --> adam16mr.org /icc54/dyche3/64 wk.gif
2010.06.19 11:13 B C:\mydocs\multiframe-50\dyche3\64\wn.gif --> adam16mr.org /icc54/dyche3/64 wn.gif
2010.06.19 11:13 B C:\mydocs\multiframe-50\dyche3\64\wp.gif --> adam16mr.org /icc54/dyche3/64 wp.gif
2010.06.19 11:13 B C:\mydocs\multiframe-50\dyche3\64\wq.gif --> adam16mr.org /icc54/dyche3/64 wq.gif
2010.06.19 11:13 B C:\mydocs\multiframe-50\dyche3\64\wr.gif --> adam16mr.org /icc54/dyche3/64 wr.gif
2010.06.19 11:13 B C:\mydocs\multiframe-50\dyche3\64\WS_FTP.LOG --> adam16mr.org /icc54/dyche3/64 WS_FTP.LOG
2010.06.22 19:20 B C:\mydocs\multiframe-56\dyche3\64\bb.gif --> adam16mr.org /icc56/dyche3/64 bb.gif
2010.06.22 19:20 B C:\mydocs\multiframe-56\dyche3\64\bk.gif --> adam16mr.org /icc56/dyche3/64 bk.gif
2010.06.22 19:20 B C:\mydocs\multiframe-56\dyche3\64\bn.gif --> adam16mr.org /icc56/dyche3/64 bn.gif
2010.06.22 19:20 B C:\mydocs\multiframe-56\dyche3\64\bp.gif --> adam16mr.org /icc56/dyche3/64 bp.gif
2010.06.22 19:20 B C:\mydocs\multiframe-56\dyche3\64\bq.gif --> adam16mr.org /icc56/dyche3/64 bq.gif
2010.06.22 19:20 B C:\mydocs\multiframe-56\dyche3\64\br.gif --> adam16mr.org /icc56/dyche3/64 br.gif
2010.06.22 19:20 B C:\mydocs\multiframe-56\dyche3\64\wb.gif --> adam16mr.org /icc56/dyche3/64 wb.gif
2010.06.22 19:20 B C:\mydocs\multiframe-56\dyche3\64\wk.gif --> adam16mr.org /icc56/dyche3/64 wk.gif
2010.06.22 19:20 B C:\mydocs\multiframe-56\dyche3\64\wn.gif --> adam16mr.org /icc56/dyche3/64 wn.gif
2010.06.22 19:20 B C:\mydocs\multiframe-56\dyche3\64\wp.gif --> adam16mr.org /icc56/dyche3/64 wp.gif
2010.06.22 19:20 B C:\mydocs\multiframe-56\dyche3\64\wq.gif --> adam16mr.org /icc56/dyche3/64 wq.gif
2010.06.22 19:20 B C:\mydocs\multiframe-56\dyche3\64\wr.gif --> adam16mr.org /icc56/dyche3/64 wr.gif
2010.06.22 19:20 B C:\mydocs\multiframe-56\dyche3\64\WS_FTP.LOG --> adam16mr.org /icc56/dyche3/64 WS_FTP.LOG
