2010.06.18 22:38 B C:\mydocs\multiframe-50\bookup\64\bb.gif --> adam16mr.org /icc52/bookup/64 bb.gif
2010.06.18 22:38 B C:\mydocs\multiframe-50\bookup\64\bk.gif --> adam16mr.org /icc52/bookup/64 bk.gif
2010.06.18 22:38 B C:\mydocs\multiframe-50\bookup\64\bn.gif --> adam16mr.org /icc52/bookup/64 bn.gif
2010.06.18 22:38 B C:\mydocs\multiframe-50\bookup\64\bp.gif --> adam16mr.org /icc52/bookup/64 bp.gif
2010.06.18 22:38 B C:\mydocs\multiframe-50\bookup\64\bq.gif --> adam16mr.org /icc52/bookup/64 bq.gif
2010.06.18 22:38 B C:\mydocs\multiframe-50\bookup\64\br.gif --> adam16mr.org /icc52/bookup/64 br.gif
2010.06.18 22:38 B C:\mydocs\multiframe-50\bookup\64\wb.gif --> adam16mr.org /icc52/bookup/64 wb.gif
2010.06.18 22:38 B C:\mydocs\multiframe-50\bookup\64\wk.gif --> adam16mr.org /icc52/bookup/64 wk.gif
2010.06.18 22:38 B C:\mydocs\multiframe-50\bookup\64\wn.gif --> adam16mr.org /icc52/bookup/64 wn.gif
2010.06.18 22:38 B C:\mydocs\multiframe-50\bookup\64\wp.gif --> adam16mr.org /icc52/bookup/64 wp.gif
2010.06.18 22:38 B C:\mydocs\multiframe-50\bookup\64\wq.gif --> adam16mr.org /icc52/bookup/64 wq.gif
2010.06.18 22:38 B C:\mydocs\multiframe-50\bookup\64\wr.gif --> adam16mr.org /icc52/bookup/64 wr.gif
2010.06.18 22:54 B C:\mydocs\multiframe-50\bookup\64\bb.gif --> adam16mr.org /icc53/bookup/64 bb.gif
2010.06.18 22:54 B C:\mydocs\multiframe-50\bookup\64\bk.gif --> adam16mr.org /icc53/bookup/64 bk.gif
2010.06.18 22:54 B C:\mydocs\multiframe-50\bookup\64\bn.gif --> adam16mr.org /icc53/bookup/64 bn.gif
2010.06.18 22:54 B C:\mydocs\multiframe-50\bookup\64\bp.gif --> adam16mr.org /icc53/bookup/64 bp.gif
2010.06.18 22:54 B C:\mydocs\multiframe-50\bookup\64\bq.gif --> adam16mr.org /icc53/bookup/64 bq.gif
2010.06.18 22:54 B C:\mydocs\multiframe-50\bookup\64\br.gif --> adam16mr.org /icc53/bookup/64 br.gif
2010.06.18 22:54 B C:\mydocs\multiframe-50\bookup\64\wb.gif --> adam16mr.org /icc53/bookup/64 wb.gif
2010.06.18 22:54 B C:\mydocs\multiframe-50\bookup\64\wk.gif --> adam16mr.org /icc53/bookup/64 wk.gif
2010.06.18 22:54 B C:\mydocs\multiframe-50\bookup\64\wn.gif --> adam16mr.org /icc53/bookup/64 wn.gif
2010.06.18 22:54 B C:\mydocs\multiframe-50\bookup\64\wp.gif --> adam16mr.org /icc53/bookup/64 wp.gif
2010.06.18 22:54 B C:\mydocs\multiframe-50\bookup\64\wq.gif --> adam16mr.org /icc53/bookup/64 wq.gif
2010.06.18 22:54 B C:\mydocs\multiframe-50\bookup\64\wr.gif --> adam16mr.org /icc53/bookup/64 wr.gif
2010.06.18 22:54 B C:\mydocs\multiframe-50\bookup\64\WS_FTP.LOG --> adam16mr.org /icc53/bookup/64 WS_FTP.LOG
2010.06.19 11:12 B C:\mydocs\multiframe-50\bookup\64\bb.gif --> adam16mr.org /icc54/bookup/64 bb.gif
2010.06.19 11:12 B C:\mydocs\multiframe-50\bookup\64\bk.gif --> adam16mr.org /icc54/bookup/64 bk.gif
2010.06.19 11:12 B C:\mydocs\multiframe-50\bookup\64\bn.gif --> adam16mr.org /icc54/bookup/64 bn.gif
2010.06.19 11:12 B C:\mydocs\multiframe-50\bookup\64\bp.gif --> adam16mr.org /icc54/bookup/64 bp.gif
2010.06.19 11:12 B C:\mydocs\multiframe-50\bookup\64\bq.gif --> adam16mr.org /icc54/bookup/64 bq.gif
2010.06.19 11:12 B C:\mydocs\multiframe-50\bookup\64\br.gif --> adam16mr.org /icc54/bookup/64 br.gif
2010.06.19 11:12 B C:\mydocs\multiframe-50\bookup\64\wb.gif --> adam16mr.org /icc54/bookup/64 wb.gif
2010.06.19 11:12 B C:\mydocs\multiframe-50\bookup\64\wk.gif --> adam16mr.org /icc54/bookup/64 wk.gif
2010.06.19 11:12 B C:\mydocs\multiframe-50\bookup\64\wn.gif --> adam16mr.org /icc54/bookup/64 wn.gif
2010.06.19 11:12 B C:\mydocs\multiframe-50\bookup\64\wp.gif --> adam16mr.org /icc54/bookup/64 wp.gif
2010.06.19 11:12 B C:\mydocs\multiframe-50\bookup\64\wq.gif --> adam16mr.org /icc54/bookup/64 wq.gif
2010.06.19 11:12 B C:\mydocs\multiframe-50\bookup\64\wr.gif --> adam16mr.org /icc54/bookup/64 wr.gif
2010.06.19 11:12 B C:\mydocs\multiframe-50\bookup\64\WS_FTP.LOG --> adam16mr.org /icc54/bookup/64 WS_FTP.LOG
2010.06.22 19:19 B C:\mydocs\multiframe-56\bookup\64\bb.gif --> adam16mr.org /icc56/bookup/64 bb.gif
2010.06.22 19:19 B C:\mydocs\multiframe-56\bookup\64\bk.gif --> adam16mr.org /icc56/bookup/64 bk.gif
2010.06.22 19:19 B C:\mydocs\multiframe-56\bookup\64\bn.gif --> adam16mr.org /icc56/bookup/64 bn.gif
2010.06.22 19:19 B C:\mydocs\multiframe-56\bookup\64\bp.gif --> adam16mr.org /icc56/bookup/64 bp.gif
2010.06.22 19:19 B C:\mydocs\multiframe-56\bookup\64\bq.gif --> adam16mr.org /icc56/bookup/64 bq.gif
2010.06.22 19:19 B C:\mydocs\multiframe-56\bookup\64\br.gif --> adam16mr.org /icc56/bookup/64 br.gif
2010.06.22 19:19 B C:\mydocs\multiframe-56\bookup\64\wb.gif --> adam16mr.org /icc56/bookup/64 wb.gif
2010.06.22 19:19 B C:\mydocs\multiframe-56\bookup\64\wk.gif --> adam16mr.org /icc56/bookup/64 wk.gif
2010.06.22 19:19 B C:\mydocs\multiframe-56\bookup\64\wn.gif --> adam16mr.org /icc56/bookup/64 wn.gif
2010.06.22 19:19 B C:\mydocs\multiframe-56\bookup\64\wp.gif --> adam16mr.org /icc56/bookup/64 wp.gif
2010.06.22 19:19 B C:\mydocs\multiframe-56\bookup\64\wq.gif --> adam16mr.org /icc56/bookup/64 wq.gif
2010.06.22 19:19 B C:\mydocs\multiframe-56\bookup\64\wr.gif --> adam16mr.org /icc56/bookup/64 wr.gif
2010.06.22 19:19 B C:\mydocs\multiframe-56\bookup\64\WS_FTP.LOG --> adam16mr.org /icc56/bookup/64 WS_FTP.LOG
2010.12.27 23:05 B C:\mydocs\lantern 201\bookup\64\bb.gif --> adammr.com /lantern 201/bookup/64 bb.gif
2010.12.27 23:06 B C:\mydocs\lantern 201\bookup\64\bk.gif --> adammr.com /lantern 201/bookup/64 bk.gif
2010.12.27 23:06 B C:\mydocs\lantern 201\bookup\64\bn.gif --> adammr.com /lantern 201/bookup/64 bn.gif
2010.12.27 23:06 B C:\mydocs\lantern 201\bookup\64\bp.gif --> adammr.com /lantern 201/bookup/64 bp.gif
2010.12.27 23:06 B C:\mydocs\lantern 201\bookup\64\bq.gif --> adammr.com /lantern 201/bookup/64 bq.gif
2010.12.27 23:06 B C:\mydocs\lantern 201\bookup\64\br.gif --> adammr.com /lantern 201/bookup/64 br.gif
2010.12.27 23:06 B C:\mydocs\lantern 201\bookup\64\wb.gif --> adammr.com /lantern 201/bookup/64 wb.gif
2010.12.27 23:06 B C:\mydocs\lantern 201\bookup\64\wk.gif --> adammr.com /lantern 201/bookup/64 wk.gif
2010.12.27 23:06 B C:\mydocs\lantern 201\bookup\64\wn.gif --> adammr.com /lantern 201/bookup/64 wn.gif
2010.12.27 23:06 B C:\mydocs\lantern 201\bookup\64\wp.gif --> adammr.com /lantern 201/bookup/64 wp.gif
2010.12.27 23:06 B C:\mydocs\lantern 201\bookup\64\wq.gif --> adammr.com /lantern 201/bookup/64 wq.gif
2010.12.27 23:06 B C:\mydocs\lantern 201\bookup\64\wr.gif --> adammr.com /lantern 201/bookup/64 wr.gif
2010.12.27 23:06 B C:\mydocs\lantern 201\bookup\64\WS_FTP.LOG --> adammr.com /lantern 201/bookup/64 WS_FTP.LOG
